Determining if the system is big endian passed with the following output:
Change Dir: /Users/swinston/Mirada/lib/c/opencv/platforms/build_android_x86/CMakeFiles/CMakeTmp

Run Build Command:/usr/bin/make "cmTryCompileExec2210368205/fast"
/Applications/Xcode.app/Contents/Developer/usr/bin/make -f CMakeFiles/cmTryCompileExec2210368205.dir/build.make CMakeFiles/cmTryCompileExec2210368205.dir/build
"/Applications/CMake 2.8-12.app/Contents/bin/cmake" -E cmake_progress_report /Users/swinston/Mirada/lib/c/opencv/platforms/build_android_x86/CMakeFiles/CMakeTmp/CMakeFiles 1
Building C object CMakeFiles/cmTryCompileExec2210368205.dir/TestEndianess.c.o
/Users/swinston/Downloads/android-ndk-r9d/toolchains/x86-4.8/prebuilt/darwin-x86_64/bin/i686-linux-android-gcc  -DANDROID -fexceptions --sysroot=/Users/swinston/Downloads/android-ndk-r9d/platforms/android-9/arch-x86 -funwind-tables -funswitch-loops -finline-limit=300 -fsigned-char -no-canonical-prefixes -fdata-sections -ffunction-sections -Wa,--noexecstack    -fsigned-char -W -Wall -Werror=return-type -Werror=non-virtual-dtor -Werror=address -Werror=sequence-point -Wformat -Werror=format-security -Wmissing-declarations -Wmissing-prototypes -Wstrict-prototypes -Wundef -Winit-self -Wpointer-arith -Wshadow -Wno-narrowing -fdiagnostics-show-option -march=i686 -fomit-frame-pointer -msse -msse2 -msse3 -mfpmath=sse -fvisibility=hidden  -fomit-frame-pointer -fstrict-aliasing -O3 -DNDEBUG -isystem /Users/swinston/Downloads/android-ndk-r9d/platforms/android-9/arch-x86/usr/include -isystem /Users/swinston/Downloads/android-ndk-r9d/sources/cxx-stl/gnu-libstdc++/4.8/include -isystem /Users/swinston/Downloads/android-ndk-r9d/sources/cxx-stl/gnu-libstdc++/4.8/libs/x86/include    -o CMakeFiles/cmTryCompileExec2210368205.dir/TestEndianess.c.o   -c /Users/swinston/Mirada/lib/c/opencv/platforms/build_android_x86/CMakeFiles/CMakeTmp/TestEndianess.c
Linking C executable cmTryCompileExec2210368205
"/Applications/CMake 2.8-12.app/Contents/bin/cmake" -E cmake_link_script CMakeFiles/cmTryCompileExec2210368205.dir/link.txt --verbose=1
/Users/swinston/Downloads/android-ndk-r9d/toolchains/x86-4.8/prebuilt/darwin-x86_64/bin/i686-linux-android-gcc  -fexceptions --sysroot=/Users/swinston/Downloads/android-ndk-r9d/platforms/android-9/arch-x86 -funwind-tables -funswitch-loops -finline-limit=300 -fsigned-char -no-canonical-prefixes -fdata-sections -ffunction-sections -Wa,--noexecstack    -fsigned-char -W -Wall -Werror=return-type -Werror=non-virtual-dtor -Werror=address -Werror=sequence-point -Wformat -Werror=format-security -Wmissing-declarations -Wmissing-prototypes -Wstrict-prototypes -Wundef -Winit-self -Wpointer-arith -Wshadow -Wno-narrowing -fdiagnostics-show-option -march=i686 -fomit-frame-pointer -msse -msse2 -msse3 -mfpmath=sse -fvisibility=hidden  -fomit-frame-pointer -fstrict-aliasing -O3 -DNDEBUG   -Wl,--no-undefined -Wl,--gc-sections -Wl,-z,noexecstack -Wl,-z,relro -Wl,-z,now -Wl,-z,nocopyreloc CMakeFiles/cmTryCompileExec2210368205.dir/TestEndianess.c.o -o cmTryCompileExec2210368205  -L/libs/x86 -rdynamic  "/Users/swinston/Downloads/android-ndk-r9d/sources/cxx-stl/gnu-libstdc++/4.8/libs/x86/libsupc++.a"

TestEndianess.c:
/* A 16 bit integer is required. */
typedef unsigned short cmakeint16;

/* On a little endian machine, these 16bit ints will give "THIS IS LITTLE ENDIAN."
   On a big endian machine the characters will be exchanged pairwise. */
const cmakeint16 info_little[] =  {0x4854, 0x5349, 0x4920, 0x2053, 0x494c, 0x5454, 0x454c, 0x4520, 0x444e, 0x4149, 0x2e4e, 0x0000};

/* on a big endian machine, these 16bit ints will give "THIS IS BIG ENDIAN."
   On a little endian machine the characters will be exchanged pairwise. */
const cmakeint16 info_big[] =     {0x5448, 0x4953, 0x2049, 0x5320, 0x4249, 0x4720, 0x454e, 0x4449, 0x414e, 0x2e2e, 0x0000};

#ifdef __CLASSIC_C__
int main(argc, argv) int argc; char *argv[];
#else
int main(int argc, char *argv[])
#endif
{
  int require = 0;
  require += info_little[argc];
  require += info_big[argc];
  (void)argv;
  return require;
}


Determining if the include file io.h exists failed with the following output:
Change Dir: /Users/swinston/Mirada/lib/c/opencv/platforms/build_android_x86/CMakeFiles/CMakeTmp

Run Build Command:/usr/bin/make "cmTryCompileExec4049067640/fast"
/Applications/Xcode.app/Contents/Developer/usr/bin/make -f CMakeFiles/cmTryCompileExec4049067640.dir/build.make CMakeFiles/cmTryCompileExec4049067640.dir/build
"/Applications/CMake 2.8-12.app/Contents/bin/cmake" -E cmake_progress_report /Users/swinston/Mirada/lib/c/opencv/platforms/build_android_x86/CMakeFiles/CMakeTmp/CMakeFiles 1
Building C object CMakeFiles/cmTryCompileExec4049067640.dir/CheckIncludeFile.c.o
/Users/swinston/Downloads/android-ndk-r9d/toolchains/x86-4.8/prebuilt/darwin-x86_64/bin/i686-linux-android-gcc  -DANDROID -fexceptions --sysroot=/Users/swinston/Downloads/android-ndk-r9d/platforms/android-9/arch-x86 -funwind-tables -funswitch-loops -finline-limit=300 -fsigned-char -no-canonical-prefixes -fdata-sections -ffunction-sections -Wa,--noexecstack    -fsigned-char -W -Wall -Werror=return-type -Werror=non-virtual-dtor -Werror=address -Werror=sequence-point -Wformat -Werror=format-security -Wmissing-declarations -Wmissing-prototypes -Wstrict-prototypes -Wundef -Winit-self -Wpointer-arith -Wshadow -Wno-narrowing -fdiagnostics-show-option -march=i686 -fomit-frame-pointer -msse -msse2 -msse3 -mfpmath=sse -fvisibility=hidden  -fomit-frame-pointer -fstrict-aliasing -O3 -DNDEBUG -isystem /Users/swinston/Downloads/android-ndk-r9d/platforms/android-9/arch-x86/usr/include -isystem /Users/swinston/Downloads/android-ndk-r9d/sources/cxx-stl/gnu-libstdc++/4.8/include -isystem /Users/swinston/Downloads/android-ndk-r9d/sources/cxx-stl/gnu-libstdc++/4.8/libs/x86/include    -o CMakeFiles/cmTryCompileExec4049067640.dir/CheckIncludeFile.c.o   -c /Users/swinston/Mirada/lib/c/opencv/platforms/build_android_x86/CMakeFiles/CMakeTmp/CheckIncludeFile.c
/Users/swinston/Mirada/lib/c/opencv/platforms/build_android_x86/CMakeFiles/CMakeTmp/CheckIncludeFile.c:1:16: fatal error: io.h: No such file or directory
 #include <io.h>
                ^
compilation terminated.
make[1]: *** [CMakeFiles/cmTryCompileExec4049067640.dir/CheckIncludeFile.c.o] Error 1
make: *** [cmTryCompileExec4049067640/fast] Error 2


Determining if the function jbg_newlen exists failed with the following output:
Change Dir: /Users/swinston/Mirada/lib/c/opencv/platforms/build_android_x86/CMakeFiles/CMakeTmp

Run Build Command:/usr/bin/make "cmTryCompileExec110332971/fast"
/Applications/Xcode.app/Contents/Developer/usr/bin/make -f CMakeFiles/cmTryCompileExec110332971.dir/build.make CMakeFiles/cmTryCompileExec110332971.dir/build
"/Applications/CMake 2.8-12.app/Contents/bin/cmake" -E cmake_progress_report /Users/swinston/Mirada/lib/c/opencv/platforms/build_android_x86/CMakeFiles/CMakeTmp/CMakeFiles 1
Building C object CMakeFiles/cmTryCompileExec110332971.dir/CheckFunctionExists.c.o
/Users/swinston/Downloads/android-ndk-r9d/toolchains/x86-4.8/prebuilt/darwin-x86_64/bin/i686-linux-android-gcc  -DANDROID -fexceptions --sysroot=/Users/swinston/Downloads/android-ndk-r9d/platforms/android-9/arch-x86 -funwind-tables -funswitch-loops -finline-limit=300 -fsigned-char -no-canonical-prefixes -fdata-sections -ffunction-sections -Wa,--noexecstack    -fsigned-char -W -Wall -Werror=return-type -Werror=non-virtual-dtor -Werror=address -Werror=sequence-point -Wformat -Werror=format-security -Wmissing-declarations -Wmissing-prototypes -Wstrict-prototypes -Wundef -Winit-self -Wpointer-arith -Wshadow -Wno-narrowing -fdiagnostics-show-option -march=i686 -fomit-frame-pointer -msse -msse2 -msse3 -mfpmath=sse -fvisibility=hidden -DCHECK_FUNCTION_EXISTS=jbg_newlen -fomit-frame-pointer -fstrict-aliasing -O3 -DNDEBUG -isystem /Users/swinston/Downloads/android-ndk-r9d/platforms/android-9/arch-x86/usr/include -isystem /Users/swinston/Downloads/android-ndk-r9d/sources/cxx-stl/gnu-libstdc++/4.8/include -isystem /Users/swinston/Downloads/android-ndk-r9d/sources/cxx-stl/gnu-libstdc++/4.8/libs/x86/include    -o CMakeFiles/cmTryCompileExec110332971.dir/CheckFunctionExists.c.o   -c "/Applications/CMake 2.8-12.app/Contents/share/cmake-2.8/Modules/CheckFunctionExists.c"
/Applications/CMake 2.8-12.app/Contents/share/cmake-2.8/Modules/CheckFunctionExists.c:3:1: warning: function declaration isn't a prototype [-Wstrict-prototypes]
 char CHECK_FUNCTION_EXISTS();
 ^
Linking C executable cmTryCompileExec110332971
"/Applications/CMake 2.8-12.app/Contents/bin/cmake" -E cmake_link_script CMakeFiles/cmTryCompileExec110332971.dir/link.txt --verbose=1
/Users/swinston/Downloads/android-ndk-r9d/toolchains/x86-4.8/prebuilt/darwin-x86_64/bin/i686-linux-android-gcc  -fexceptions --sysroot=/Users/swinston/Downloads/android-ndk-r9d/platforms/android-9/arch-x86 -funwind-tables -funswitch-loops -finline-limit=300 -fsigned-char -no-canonical-prefixes -fdata-sections -ffunction-sections -Wa,--noexecstack    -fsigned-char -W -Wall -Werror=return-type -Werror=non-virtual-dtor -Werror=address -Werror=sequence-point -Wformat -Werror=format-security -Wmissing-declarations -Wmissing-prototypes -Wstrict-prototypes -Wundef -Winit-self -Wpointer-arith -Wshadow -Wno-narrowing -fdiagnostics-show-option -march=i686 -fomit-frame-pointer -msse -msse2 -msse3 -mfpmath=sse -fvisibility=hidden -DCHECK_FUNCTION_EXISTS=jbg_newlen -fomit-frame-pointer -fstrict-aliasing -O3 -DNDEBUG   -Wl,--no-undefined -Wl,--gc-sections -Wl,-z,noexecstack -Wl,-z,relro -Wl,-z,now -Wl,-z,nocopyreloc CMakeFiles/cmTryCompileExec110332971.dir/CheckFunctionExists.c.o -o cmTryCompileExec110332971  -L/libs/x86 -rdynamic  "/Users/swinston/Downloads/android-ndk-r9d/sources/cxx-stl/gnu-libstdc++/4.8/libs/x86/libsupc++.a"
CMakeFiles/cmTryCompileExec110332971.dir/CheckFunctionExists.c.o:CheckFunctionExists.c:function main: error: undefined reference to 'jbg_newlen'
collect2: error: ld returned 1 exit status
make[1]: *** [cmTryCompileExec110332971] Error 1
make: *** [cmTryCompileExec110332971/fast] Error 2


Determining if the include file search.h exists failed with the following output:
Change Dir: /Users/swinston/Mirada/lib/c/opencv/platforms/build_android_x86/CMakeFiles/CMakeTmp

Run Build Command:/usr/bin/make "cmTryCompileExec2601552052/fast"
/Applications/Xcode.app/Contents/Developer/usr/bin/make -f CMakeFiles/cmTryCompileExec2601552052.dir/build.make CMakeFiles/cmTryCompileExec2601552052.dir/build
"/Applications/CMake 2.8-12.app/Contents/bin/cmake" -E cmake_progress_report /Users/swinston/Mirada/lib/c/opencv/platforms/build_android_x86/CMakeFiles/CMakeTmp/CMakeFiles 1
Building C object CMakeFiles/cmTryCompileExec2601552052.dir/CheckIncludeFile.c.o
/Users/swinston/Downloads/android-ndk-r9d/toolchains/x86-4.8/prebuilt/darwin-x86_64/bin/i686-linux-android-gcc  -DANDROID -fexceptions --sysroot=/Users/swinston/Downloads/android-ndk-r9d/platforms/android-9/arch-x86 -funwind-tables -funswitch-loops -finline-limit=300 -fsigned-char -no-canonical-prefixes -fdata-sections -ffunction-sections -Wa,--noexecstack    -fsigned-char -W -Wall -Werror=return-type -Werror=non-virtual-dtor -Werror=address -Werror=sequence-point -Wformat -Werror=format-security -Wmissing-declarations -Wmissing-prototypes -Wstrict-prototypes -Wundef -Winit-self -Wpointer-arith -Wshadow -Wno-narrowing -fdiagnostics-show-option -march=i686 -fomit-frame-pointer -msse -msse2 -msse3 -mfpmath=sse -fvisibility=hidden  -fomit-frame-pointer -fstrict-aliasing -O3 -DNDEBUG -isystem /Users/swinston/Downloads/android-ndk-r9d/platforms/android-9/arch-x86/usr/include -isystem /Users/swinston/Downloads/android-ndk-r9d/sources/cxx-stl/gnu-libstdc++/4.8/include -isystem /Users/swinston/Downloads/android-ndk-r9d/sources/cxx-stl/gnu-libstdc++/4.8/libs/x86/include    -o CMakeFiles/cmTryCompileExec2601552052.dir/CheckIncludeFile.c.o   -c /Users/swinston/Mirada/lib/c/opencv/platforms/build_android_x86/CMakeFiles/CMakeTmp/CheckIncludeFile.c
/Users/swinston/Mirada/lib/c/opencv/platforms/build_android_x86/CMakeFiles/CMakeTmp/CheckIncludeFile.c:1:20: fatal error: search.h: No such file or directory
 #include <search.h>
                    ^
compilation terminated.
make[1]: *** [CMakeFiles/cmTryCompileExec2601552052.dir/CheckIncludeFile.c.o] Error 1
make: *** [cmTryCompileExec2601552052/fast] Error 2


