Determining size of off64_t failed with the following output:
Change Dir: /Users/swinston/Mirada/lib/c/opencv/platforms/build_ios/build/iPhoneOS-armv7s/CMakeFiles/CMakeTmp

Run Build Command:/Applications/CMake\ 2.8-12.app/Contents/bin/cmakexbuild -project CMAKE_TRY_COMPILE.xcodeproj build -target cmTryCompileExec1995247751 -configuration Release
=== BUILD TARGET cmTryCompileExec1995247751 OF PROJECT CMAKE_TRY_COMPILE WITH CONFIGURATION Release ===

Check dependencies

Write auxiliary files
/bin/mkdir -p /Users/swinston/Mirada/lib/c/opencv/platforms/build_ios/build/iPhoneOS-armv7s/CMakeFiles/CMakeTmp/CMAKE_TRY_COMPILE.build/Release/cmTryCompileExec1995247751.build/Objects-normal/x86_64
write-file /Users/swinston/Mirada/lib/c/opencv/platforms/build_ios/build/iPhoneOS-armv7s/CMakeFiles/CMakeTmp/CMAKE_TRY_COMPILE.build/Release/cmTryCompileExec1995247751.build/Objects-normal/x86_64/cmTryCompileExec1995247751.LinkFileList

CompileC CMAKE_TRY_COMPILE.build/Release/cmTryCompileExec1995247751.build/Objects-normal/x86_64/OFF64_T.o /Users/swinston/Mirada/lib/c/opencv/platforms/build_ios/build/iPhoneOS-armv7s/CMakeFiles/CheckTypeSize/OFF64_T.c normal x86_64 c com.apple.compilers.llvm.clang.1_0.compiler
    cd /Users/swinston/Mirada/lib/c/opencv/platforms/build_ios/build/iPhoneOS-armv7s/CMakeFiles/CMakeTmp
    export LANG=en_US.US-ASCII
    /Applications/Xcode.ap** BUILD FAILED **p/Contents/Developer/Toolchains/XcodeDefault.xctoolchain/usr/bin/clang -x c -arch x86_64 -fmessage-length=0 -fdiagnostics-show-note-include-stack -fmacro-backtrace-limit=0 -Wno-trigraphs -fpascal-strings -O3 -Wno-missing-field-initializers -Wno-missing-prototypes -Wno-return-type -Wno-missing-braces -Wparentheses -Wswitch -Wno-unused-function -Wno-unused-label -Wno-unused-parameter -Wno-unused-variable -Wunused-value -Wno-empty-body -Wno-uninitialized -Wno-unknown-pragmas -Wno-shadow -Wno-four-char-constants -Wno-conversion -Wno-constant-conversion -Wno-int-conversion -Wno-bool-conversion -Wno-enum-conversion -Wno-shorten-64-to-32 -Wpointer-sign -Wno-newline-eof -DCMAKE_INTDIR=\"Release\" -isysroot /Applications/Xcode.app/Contents/Developer/Platforms/MacOSX.platform/Developer/SDKs/MacOSX10.9.sdk -fasm-blocks -fstrict-aliasing -Wdeprecated-declarations -mmacosx-version-min=10.9 -Wno-sign-conversion -I/Users/swinston/Mirada/lib/c/opencv/platforms/build_ios/build/iPhoneOS-armv7s/CMakeFiles/CMakeTmp/Release/inclu


The following build commands failed:
de -I/Applications/Xcode.app/Contents/Developer/Toolchains/XcodeDefault.xctoolchain/usr/include -I/Users/swinston/Mirada/lib/c/opencv/platforms/build_ios/build/iPhoneOS-armv7s/CMakeFiles/CMakeTmp/CMAKE_TRY_COMPILE.build/Release/cmTryCompileExec1995247751.build/DerivedSources/x86_64 -I/Users/swinston/Mirada/lib/c/opencv/platforms/build_ios/build/iPhoneOS-armv7s/CMakeFiles/CMakeTmp/CMAKE_TRY_COMPILE.build/Release/cmTryCompileExec1995247751.build/DerivedSources -Wmost -Wno-four-char-constants -Wno-unknown-pragmas -F/Users/swinston/Mirada/lib/c/opencv/platforms/build_ios/build/iPhoneOS-armv7s/CMakeFiles/CMakeTmp/Release -Wno-implicit-function-declaration -fPIC -fsigned-char -W -Werror=return-type -Werror=non-virtual-dtor -Werror=address -Werror=sequence-point -Wformat -Werror=format-security -Wmissing-declarations -Wmissing-prototypes -Wstrict-prototypes -Wundef -Winit-self -Wpointer-arith -Wshadow -Wsign-promo -Wno-narrowing -Wno-delete-non-virtual-dtor -Wno-unnamed-type-template-args -fdiagnostics-show-option -fno-omit-frame-pointer -fvisibility=hidden -fvisibility-inlines-hidden -DNDEBUG -MMD -MT dependencies -MF /Users/swinston/Mirada/lib/c/opencv/platforms/build_ios/build/iPhoneOS-armv7s/CMakeFiles/CMakeTmp/CMAKE_TRY_COMPILE.build/Release/cmTryCompileExec1995247751.build/Objects-normal/x86_64/OFF64_T.d --serialize-diagnostics /Users/swinston/Mirada/lib/c/opencv/platforms/build_ios/build/iPhoneOS-armv7s/CMakeFiles/CMakeTmp/CMAKE_TRY_COMPILE.build/Release/cmTryCompileExec1995247751.build/Objects-normal/x86_64/OFF64_T.dia -c /Users/swinston/Mirada/lib/c/opencv/platforms/build_ios/build/iPhoneOS-armv7s/CMakeFiles/CheckTypeSize/OFF64_T.c -o /Users/swinston/Mirada/lib/c/opencv/platforms/build_ios/build/iPhoneOS-armv7s/CMakeFiles/CMakeTmp/CMAKE_TRY_COMPILE.build/Release/cmTryCompileExec1995247751.build/Objects-normal/x86_64/OFF64_T.o
/Users/swinston/Mirada/lib/c/opencv/platforms/build_ios/build/iPhoneOS-armv7s/CMakeFiles/CheckTypeSize/OFF64_T.c:19:12: error: use of undeclared identifier 'off64_t'; did you mean 'off_t'?	CompileC CMAKE_TRY_COMPILE.build/Release/cmTryCompileExec1995247751.build/Objects-normal/x86_64/OFF64_T.o /Users/swinston/Mirada/lib/c/opencv/platforms/build_ios/build/iPhoneOS-armv7s/CMakeFiles/CheckTypeSize/OFF64_T.c normal x86_64 c com.apple.compilers.llvm.clang.1_0.compiler
(1 failure)

  ('0' + ((SIZE / 10000)%10)),
           ^
/Users/swinston/Mirada/lib/c/opencv/platforms/build_ios/build/iPhoneOS-armv7s/CMakeFiles/CheckTypeSize/OFF64_T.c:17:22: note: expanded from macro 'SIZE'
#define SIZE (sizeof(off64_t))
                     ^
In file included from /Users/swinston/Mirada/lib/c/opencv/platforms/build_ios/build/iPhoneOS-armv7s/CMakeFiles/CheckTypeSize/OFF64_T.c:1:
In file included from /Applications/Xcode.app/Contents/Developer/Platforms/MacOSX.platform/Developer/SDKs/MacOSX10.9.sdk/usr/include/sys/types.h:122:
/Applications/Xcode.app/Contents/Developer/Platforms/MacOSX.platform/Developer/SDKs/MacOSX10.9.sdk/usr/include/sys/_types/_off_t.h:30:25: note: 'off_t' declared here
typedef __darwin_off_t          off_t;
                                ^
/Users/swinston/Mirada/lib/c/opencv/platforms/build_ios/build/iPhoneOS-armv7s/CMakeFiles/CheckTypeSize/OFF64_T.c:20:12: error: use of undeclared identifier 'off64_t'; did you mean 'off_t'?
  ('0' + ((SIZE / 1000)%10)),
           ^
/Users/swinston/Mirada/lib/c/opencv/platforms/build_ios/build/iPhoneOS-armv7s/CMakeFiles/CheckTypeSize/OFF64_T.c:17:22: note: expanded from macro 'SIZE'
#define SIZE (sizeof(off64_t))
                     ^
In file included from /Users/swinston/Mirada/lib/c/opencv/platforms/build_ios/build/iPhoneOS-armv7s/CMakeFiles/CheckTypeSize/OFF64_T.c:1:
In file included from /Applications/Xcode.app/Contents/Developer/Platforms/MacOSX.platform/Developer/SDKs/MacOSX10.9.sdk/usr/include/sys/types.h:122:
/Applications/Xcode.app/Contents/Developer/Platforms/MacOSX.platform/Developer/SDKs/MacOSX10.9.sdk/usr/include/sys/_types/_off_t.h:30:25: note: 'off_t' declared here
typedef __darwin_off_t          off_t;
                                ^
/Users/swinston/Mirada/lib/c/opencv/platforms/build_ios/build/iPhoneOS-armv7s/CMakeFiles/CheckTypeSize/OFF64_T.c:21:12: error: use of undeclared identifier 'off64_t'; did you mean 'off_t'?
  ('0' + ((SIZE / 100)%10)),
           ^
/Users/swinston/Mirada/lib/c/opencv/platforms/build_ios/build/iPhoneOS-armv7s/CMakeFiles/CheckTypeSize/OFF64_T.c:17:22: note: expanded from macro 'SIZE'
#define SIZE (sizeof(off64_t))
                     ^
In file included from /Users/swinston/Mirada/lib/c/opencv/platforms/build_ios/build/iPhoneOS-armv7s/CMakeFiles/CheckTypeSize/OFF64_T.c:1:
In file included from /Applications/Xcode.app/Contents/Developer/Platforms/MacOSX.platform/Developer/SDKs/MacOSX10.9.sdk/usr/include/sys/types.h:122:
/Applications/Xcode.app/Contents/Developer/Platforms/MacOSX.platform/Developer/SDKs/MacOSX10.9.sdk/usr/include/sys/_types/_off_t.h:30:25: note: 'off_t' declared here
typedef __darwin_off_t          off_t;
                                ^
/Users/swinston/Mirada/lib/c/opencv/platforms/build_ios/build/iPhoneOS-armv7s/CMakeFiles/CheckTypeSize/OFF64_T.c:22:12: error: use of undeclared identifier 'off64_t'; did you mean 'off_t'?
  ('0' + ((SIZE / 10)%10)),
           ^
/Users/swinston/Mirada/lib/c/opencv/platforms/build_ios/build/iPhoneOS-armv7s/CMakeFiles/CheckTypeSize/OFF64_T.c:17:22: note: expanded from macro 'SIZE'
#define SIZE (sizeof(off64_t))
                     ^
In file included from /Users/swinston/Mirada/lib/c/opencv/platforms/build_ios/build/iPhoneOS-armv7s/CMakeFiles/CheckTypeSize/OFF64_T.c:1:
In file included from /Applications/Xcode.app/Contents/Developer/Platforms/MacOSX.platform/Developer/SDKs/MacOSX10.9.sdk/usr/include/sys/types.h:122:
/Applications/Xcode.app/Contents/Developer/Platforms/MacOSX.platform/Developer/SDKs/MacOSX10.9.sdk/usr/include/sys/_types/_off_t.h:30:25: note: 'off_t' declared here
typedef __darwin_off_t          off_t;
                                ^
/Users/swinston/Mirada/lib/c/opencv/platforms/build_ios/build/iPhoneOS-armv7s/CMakeFiles/CheckTypeSize/OFF64_T.c:23:12: error: use of undeclared identifier 'off64_t'; did you mean 'off_t'?
  ('0' +  (SIZE    % 10)),
           ^
/Users/swinston/Mirada/lib/c/opencv/platforms/build_ios/build/iPhoneOS-armv7s/CMakeFiles/CheckTypeSize/OFF64_T.c:17:22: note: expanded from macro 'SIZE'
#define SIZE (sizeof(off64_t))
                     ^
In file included from /Users/swinston/Mirada/lib/c/opencv/platforms/build_ios/build/iPhoneOS-armv7s/CMakeFiles/CheckTypeSize/OFF64_T.c:1:
In file included from /Applications/Xcode.app/Contents/Developer/Platforms/MacOSX.platform/Developer/SDKs/MacOSX10.9.sdk/usr/include/sys/types.h:122:
/Applications/Xcode.app/Contents/Developer/Platforms/MacOSX.platform/Developer/SDKs/MacOSX10.9.sdk/usr/include/sys/_types/_off_t.h:30:25: note: 'off_t' declared here
typedef __darwin_off_t          off_t;
                                ^
5 errors generated.


/Users/swinston/Mirada/lib/c/opencv/platforms/build_ios/build/iPhoneOS-armv7s/CMakeFiles/CheckTypeSize/OFF64_T.c:
#include <sys/types.h>
#include <stdint.h>
#include <stddef.h>


#undef KEY
#if defined(__i386)
# define KEY '_','_','i','3','8','6'
#elif defined(__x86_64)
# define KEY '_','_','x','8','6','_','6','4'
#elif defined(__ppc__)
# define KEY '_','_','p','p','c','_','_'
#elif defined(__ppc64__)
# define KEY '_','_','p','p','c','6','4','_','_'
#endif

#define SIZE (sizeof(off64_t))
char info_size[] =  {'I', 'N', 'F', 'O', ':', 's','i','z','e','[',
  ('0' + ((SIZE / 10000)%10)),
  ('0' + ((SIZE / 1000)%10)),
  ('0' + ((SIZE / 100)%10)),
  ('0' + ((SIZE / 10)%10)),
  ('0' +  (SIZE    % 10)),
  ']',
#ifdef KEY
  ' ','k','e','y','[', KEY, ']',
#endif
  '\0'};

#ifdef __CLASSIC_C__
int main(argc, argv) int argc; char *argv[];
#else
int main(int argc, char *argv[])
#endif
{
  int require = 0;
  require += info_size[argc];
  (void)argv;
  return require;
}


Determining if the include file linux/videodev.h exists failed with the following output:
Change Dir: /Users/swinston/Mirada/lib/c/opencv/platforms/build_ios/build/iPhoneOS-armv7s/CMakeFiles/CMakeTmp

Run Build Command:/Applications/CMake\ 2.8-12.app/Contents/bin/cmakexbuild -project CMAKE_TRY_COMPILE.xcodeproj build -target cmTryCompileExec3392708839 -configuration Release
=== BUILD TARGET cmTryCompileExec3392708839 OF PROJECT CMAKE_TRY_COMPILE WITH CONFIGURATION Release ===

Check dependencies

Write auxiliary files
/bin/mkdir -p /Users/swinston/Mirada/lib/c/opencv/platforms/build_ios/build/iPhoneOS-armv7s/CMakeFiles/CMakeTmp/CMAKE_TRY_COMPILE.build/Release/cmTryCompileExec3392708839.build/Objects-normal/x86_64
write-file /Users/swinston/Mirada/lib/c/opencv/platforms/build_ios/build/iPhoneOS-armv7s/CMakeFiles/CMakeTmp/CMAKE_TRY_COMPILE.build/Release/cmTryCompileExec3392708839.build/Objects-normal/x86_64/cmTryCompileExec3392708839.LinkFileList

CompileC CMAKE_TRY_COMPILE.build/Release/cmTryCompileExec3392708839.build/Objects-normal/x86_64/CheckIncludeFile.o CheckIncludeFile.c normal x86_64 c com.apple.compilers.llvm.clang.1_0.compiler
    cd /Users/swinston/Mirada/lib/c/opencv/platforms/build_ios/build/iPhoneOS-armv7s/CMakeFiles/CMakeTmp
    export LANG=en_US.US-ASCII
    /Applications/Xcode.app/Contents/Developer/Toolchains/XcodeDefault.xctoolchain/usr/bin/clang -x c -arch x862014-07-28 15:41:16.135 xcodebuild[33103:2007]  DVTAssertions: Warning in /SourceCache/IDEXcode3ProjectSupport/IDEXcode3ProjectSupport-5069/Xcode3Core/LegacyProjects/Frameworks/DevToolsCore/DevToolsCore/SpecificationTypes/BuiltInSpecifications/Compilers/XCGccMakefileDependencies.m:76
Details:  Failed to load dependencies output contents from ``/Users/swinston/Mirada/lib/c/opencv/platforms/build_ios/build/iPhoneOS-armv7s/CMakeFiles/CMakeTmp/CMAKE_TRY_COMPILE.build/Release/cmTryCompileExec3392708839.build/Objects-normal/x86_64/CheckIncludeFile.d''. Error: Error Domain=NSCocoaErrorDomain Code=260 "The file “CheckIncludeFile.d” couldn’t be opened because there is no such file." UserInfo=0x7ff391518240 {NSFilePath=/Users/swinston/Mirada/lib/c/opencv/platforms/build_ios/build/iPhoneOS-armv7s/CMakeFiles/CMakeTmp/CMAKE_TRY_COMPILE.build/Release/cmTryCompileExec3392708839.build/Objects-normal/x86_64/CheckIncludeFile.d, NSUnderlyingError=0x7ff391519980 "The operation couldn’t be completed. No such file or direc_64 -fmessage-length=0 -fdiagnostics-show-note-include-stack -fmacro-backtrace-limit=0 -Wno-trigraphs -fpascal-strings -O3 -Wno-missing-field-initializers -Wno-missing-prototypes -Wno-return-type -Wno-missing-braces -Wparentheses -Wswitch -Wno-unused-function -Wno-unused-label -Wno-unused-parameter -Wno-unused-variable -Wunused-value -Wno-empty-body -Wno-uninitialized -Wno-unknown-pragmas -Wno-shadow -Wno-four-char-constants -Wno-conversion -Wno-constant-conversion -Wno-int-conversion -Wno-bool-conversion -Wno-enum-conversion -Wno-shorten-64-to-32 -Wpointer-sign -Wno-newline-eof -DCMAKE_INTDIR=\"Release\" -isysroot /Applications/Xcode.app/Contents/Developer/Platforms/MacOSX.platform/Developer/SDKs/MacOSX10.9.sdk -fasm-blocks -fstrict-aliasing -Wdeprecated-declarations -mmacosx-version-min=10.9 -Wno-sign-conversion -I/Users/swinston/Mirada/lib/c/opencv/platforms/build_ios/build/iPhoneOS-armv7s/CMakeFiles/CMakeTmp/Release/include -I/Applications/Xcode.app/Contents/Developer/Toolchains/XcodeDefault.xctoolchain/utory"}. User info: {
    NSFilePath = "/Users/swinston/Mirada/lib/c/opencv/platforms/build_ios/build/iPhoneOS-armv7s/CMakeFiles/CMakeTmp/CMAKE_TRY_COMPILE.build/Release/cmTryCompileExec3392708839.build/Objects-normal/x86_64/CheckIncludeFile.d";
    NSUnderlyingError = "Error Domain=NSPOSIXErrorDomain Code=2 \"The operation couldn\U2019t be completed. No such file or directory\"";
}.
Function: void XCGccMakefileDependenciesParsePathsFromRuleFile(NSString *__strong, void (^__strong)(NSString *__strong))
Thread:   <NSThread: 0x7ff391518280>{name = (null), num = 17}
Please file a bug at http://bugreport.apple.com with this warning message and any useful information you can provide.
sr/include -I/Users/swinston/Mirada/lib/c/opencv/platforms/build_ios/build/iPhoneOS-armv7s/CMakeFiles/CMakeTmp/CMAKE_TRY_COMPILE.build/Release/cmTryCompileExec3392708839.build/DerivedSources/x86_64 -I/Users/swinston/Mirada/lib/c/opencv/platforms/build_ios/build/iPhoneOS-armv7s/CMakeFiles/CMakeTmp/CMAKE_TRY_COMPILE.build/Release/cmTryCompileExec3392708839.build/DerivedSources -Wmost -Wno-four-char-constants -Wno-unknown-pragmas -F/Users/swinston/Mirada/lib/c/opencv/platforms/build_ios/build/iPhoneOS-armv7s/CMakeFiles/CMakeTmp/Release -Wno-implicit-function-declaration -fPIC -fsigned-char -W -Werror=return-type -Werror=non-virtual-dtor -Werror=address -Werror=sequence-point -Wformat -Werror=format-security -Wmissing-declarations -Wmissing-prototypes -Wstrict-prototypes -Wundef -Winit-self -Wpointer-arith -Wshadow -Wsign-promo -Wno-narrowing -Wno-delete-non-virtual-dtor -Wno-unnamed-type-template-args -fdiagnostics-show-option -fno-omit-frame-pointer -fvisibility=hidden -fvisibility-inlines-hidden -DNDEBUG -MMD -MT dependencies -MF /Users/swinston/Mirada/lib/c/opencv/platforms/build_ios/build/iPhoneOS-armv7s/CMakeFiles/CMakeTmp/CMAKE_TRY_COMPILE.build/Release/cmTryCompileExec3392708839.build/Objects-normal/x86_64/CheckIncludeFile.d --serialize-diagnostics /Users/swinston/Mirada/lib/c/opencv/platforms/build_ios/build/iPhoneOS-armv7s/CMakeFiles/CMakeTmp/CMAKE_TRY_COMPILE.build/Release/cmTryCompileExec3392708839.build/Objects-normal/x86_64/CheckIncludeFile.dia -c /Users/swinston/Mirada/lib/c/opencv/platforms/build_ios/build/iPhoneOS-armv7s/CMakeFiles/CMakeTmp/CheckIncludeFile.c -o /Users/swinston/Mirada/lib/c/opencv/platforms/build_ios/build/iPhoneOS-armv7s/CMakeFiles/CMakeTmp/CMAKE_TRY_COMPILE.build/Release/cmTryCompileExec3392708839.build/Objects-normal/x86_64/CheckIncludeFile.o
/Users/swinston/Mirada/lib/c/opencv/platforms/build_ios/build/iPhoneOS-armv7s/CMakeFiles/CMakeTmp/CheckIncludeFile.c:1:10: fatal error: 'linux/videodev.h' file not found
#include <linux/videodev.h>
         ^
1 error generated.

** BUILD FAILED **


The following build commands failed:
	CompileC CMAKE_TRY_COMPILE.build/Release/cmTryCompileExec3392708839.build/Objects-normal/x86_64/CheckIncludeFile.o CheckIncludeFile.c normal x86_64 c com.apple.compilers.llvm.clang.1_0.compiler
(1 failure)


Determining if the include file linux/videodev2.h exists failed with the following output:
Change Dir: /Users/swinston/Mirada/lib/c/opencv/platforms/build_ios/build/iPhoneOS-armv7s/CMakeFiles/CMakeTmp

Run Build Command:/Applications/CMake\ 2.8-12.app/Contents/bin/cmakexbuild -project CMAKE_TRY_COMPILE.xcodeproj build -target cmTryCompileExec606873912 -configuration Release
=== BUILD TARGET cmTryCompileExec606873912 OF PROJECT CMAKE_TRY_COMPILE WITH CONFIGURATION Release ===

Check dependencies

Write auxiliary files
/bin/mkdir -p /Users/swinston/Mirada/lib/c/opencv/platforms/build_ios/build/iPhoneOS-armv7s/CMakeFiles/CMakeTmp/CMAKE_TRY_COMPILE.build/Release/cmTryCompileExec606873912.build/Objects-normal/x86_64
write-file /Users/swinston/Mirada/lib/c/opencv/platforms/build_ios/build/iPhoneOS-armv7s/CMakeFiles/CMakeTmp/CMAKE_TRY_COMPILE.build/Release/cmTryCompileExec606873912.build/Objects-normal/x86_64/cmTryCompileExec606873912.LinkFileList

CompileC CMAKE_TRY_COMPILE.build/Release/cmTryCompileExec606873912.build/Objects-normal/x86_64/CheckIncludeFile.o CheckIncludeFile.c normal x86_64 c com.apple.compilers.llvm.clang.1_0.compiler
    cd /Users/swinston/Mirada/lib/c/opencv/platforms/build_ios/build/iPhoneOS-armv7s/CMakeFiles/CMakeTmp
    export LANG=en_US.US-ASCII
    /Applications/Xcode.app/Contents/Developer/Toolchains/XcodeDefault.xctoolchain/usr/bin/clang -x c -arch x86_64 -2014-07-28 15:41:16.633 xcodebuild[33114:30b]  DVTAssertions: Warning in /SourceCache/IDEXcode3ProjectSupport/IDEXcode3ProjectSupport-5069/Xcode3Core/LegacyProjects/Frameworks/DevToolsCore/DevToolsCore/SpecificationTypes/BuiltInSpecifications/Compilers/XCGccMakefileDependencies.m:76
Details:  Failed to load dependencies output contents from ``/Users/swinston/Mirada/lib/c/opencv/platforms/build_ios/build/iPhoneOS-armv7s/CMakeFiles/CMakeTmp/CMAKE_TRY_COMPILE.build/Release/cmTryCompileExec606873912.build/Objects-normal/x86_64/CheckIncludeFile.d''. Error: Error Domain=NSCocoaErrorDomain Code=260 "The file “CheckIncludeFile.d” couldn’t be opened because there is no such file." UserInfo=0x7fcc6411b920 {NSFilePath=/Users/swinston/Mirada/lib/c/opencv/platforms/build_ios/build/iPhoneOS-armv7s/CMakeFiles/CMakeTmp/CMAKE_TRY_COMPILE.build/Release/cmTryCompileExec606873912.build/Objects-normal/x86_64/CheckIncludeFile.d, NSUnderlyingError=0x7fcc6411c070 "The operation couldn’t be completed. No such file or directorfmessage-length=0 -fdiagnostics-show-note-include-stack -fmacro-backtrace-limit=0 -Wno-trigraphs -fpascal-strings -O3 -Wno-missing-field-initializers -Wno-missing-prototypes -Wno-return-type -Wno-missing-braces -Wparentheses -Wswitch -Wno-unused-function -Wno-unused-label -Wno-unused-parameter -Wno-unused-variable -Wunused-value -Wno-empty-body -Wno-uninitialized -Wno-unknown-pragmas -Wno-shadow -Wno-four-char-constants -Wno-conversion -Wno-constant-conversion -Wno-int-conversion -Wno-bool-conversion -Wno-enum-conversion -Wno-shorten-64-to-32 -Wpointer-sign -Wno-newline-eof -DCMAKE_INTDIR=\"Release\" -isysroot /Applications/Xcode.app/Contents/Developer/Platforms/MacOSX.platform/Developer/SDKs/MacOSX10.9.sdk -fasm-blocks -fstrict-aliasing -Wdeprecated-declarations -mmacosx-version-min=10.9 -Wno-sign-conversion -I/Users/swinston/Mirada/lib/c/opencv/platforms/build_ios/build/iPhoneOS-armv7s/CMakeFiles/CMakeTmp/Release/include -I/Applications/Xcode.app/Contents/Developer/Toolchains/XcodeDefault.xctoolchain/usr/iny"}. User info: {
    NSFilePath = "/Users/swinston/Mirada/lib/c/opencv/platforms/build_ios/build/iPhoneOS-armv7s/CMakeFiles/CMakeTmp/CMAKE_TRY_COMPILE.build/Release/cmTryCompileExec606873912.build/Objects-normal/x86_64/CheckIncludeFile.d";
    NSUnderlyingError = "Error Domain=NSPOSIXErrorDomain Code=2 \"The operation couldn\U2019t be completed. No such file or directory\"";
}.
Function: void XCGccMakefileDependenciesParsePathsFromRuleFile(NSString *__strong, void (^__strong)(NSString *__strong))
Thread:   <NSThread: 0x7fcc6411b960>{name = (null), num = 17}
Please file a bug at http://bugreport.apple.com with this warning message and any useful information you can provide.
clude -I/Users/swinston/Mirada/lib/c/opencv/platforms/build_ios/build/iPhoneOS-armv7s/CMakeFiles/CMakeTmp/CMAKE_TRY_COMPILE.build/Release/cmTryCompileExec606873912.build/DerivedSources/x86_64 -I/Users/swinston/Mirada/lib/c/opencv/platforms/build_ios/build/iPhoneOS-armv7s/CMakeFiles/CMakeTmp/CMAKE_TRY_COMPILE.build/Release/cmTryCompileExec606873912.build/DerivedSources -Wmost -Wno-four-char-constants -Wno-unknown-pragmas -F/Users/swinston/Mirada/lib/c/opencv/platforms/build_ios/build/iPhoneOS-armv7s/CMakeFiles/CMakeTmp/Release -Wno-implicit-function-declaration -fPIC -fsigned-char -W -Werror=return-type -Werror=non-virtual-dtor -Werror=address -Werror=sequence-point -Wformat -Werror=format-security -Wmissing-declarations -Wmissing-prototypes -Wstrict-prototypes -Wundef -Winit-self -Wpointer-arith -Wshadow -Wsign-promo -Wno-narrowing -Wno-delete-non-virtual-dtor -Wno-unnamed-type-template-args -fdiagnostics-show-option -fno-omit-frame-pointer -fvisibility=hidden -fvisibility-inlines-hidden -DNDEBUG -MMD -MT dependencies -MF /Users/swinston/Mirada/lib/c/opencv/platforms/build_ios/build/iPhoneOS-armv7s/CMakeFiles/CMakeTmp/CMAKE_TRY_COMPILE.build/Release/cmTryCompileExec606873912.build/Objects-normal/x86_64/CheckIncludeFile.d --serialize-diagnostics /Users/swinston/Mirada/lib/c/opencv/platforms/build_ios/build/iPhoneOS-armv7s/CMakeFiles/CMakeTmp/CMAKE_TRY_COMPILE.build/Release/cmTryCompileExec606873912.build/Objects-normal/x86_64/CheckIncludeFile.dia -c /Users/swinston/Mirada/lib/c/opencv/platforms/build_ios/build/iPhoneOS-armv7s/CMakeFiles/CMakeTmp/CheckIncludeFile.c -o /Users/swinston/Mirada/lib/c/opencv/platforms/build_ios/build/iPhoneOS-armv7s/CMakeFiles/CMakeTmp/CMAKE_TRY_COMPILE.build/Release/cmTryCompileExec606873912.build/Objects-normal/x86_64/CheckIncludeFile.o
/Users/swinston/Mirada/lib/c/opencv/platforms/build_ios/build/iPhoneOS-armv7s/CMakeFiles/CMakeTmp/CheckIncludeFile.c:1:10: fatal error: 'linux/videodev2.h' file not found
#include <linux/videodev2.h>
         ^
1 error generated.

** BUILD FAILED **


The following build commands failed:
	CompileC CMAKE_TRY_COMPILE.build/Release/cmTryCompileExec606873912.build/Objects-normal/x86_64/CheckIncludeFile.o CheckIncludeFile.c normal x86_64 c com.apple.compilers.llvm.clang.1_0.compiler
(1 failure)


Determining if the include file sys/videoio.h exists failed with the following output:
Change Dir: /Users/swinston/Mirada/lib/c/opencv/platforms/build_ios/build/iPhoneOS-armv7s/CMakeFiles/CMakeTmp

Run Build Command:/Applications/CMake\ 2.8-12.app/Contents/bin/cmakexbuild -project CMAKE_TRY_COMPILE.xcodeproj build -target cmTryCompileExec2857683933 -configuration Release
=== BUILD TARGET cmTryCompileExec2857683933 OF PROJECT CMAKE_TRY_COMPILE WITH CONFIGURATION Release ===

Check dependencies

Write auxiliary files
/bin/mkdir -p /Users/swinston/Mirada/lib/c/opencv/platforms/build_ios/build/iPhoneOS-armv7s/CMakeFiles/CMakeTmp/CMAKE_TRY_COMPILE.build/Release/cmTryCompileExec2857683933.build/Objects-normal/x86_64
write-file /Users/swinston/Mirada/lib/c/opencv/platforms/build_ios/build/iPhoneOS-armv7s/CMakeFiles/CMakeTmp/CMAKE_TRY_COMPILE.build/Release/cmTryCompileExec2857683933.build/Objects-normal/x86_64/cmTryCompileExec2857683933.LinkFileList

CompileC CMAKE_TRY_COMPILE.build/Release/cmTryCompileExec2857683933.build/Objects-normal/x86_64/CheckIncludeFile.o CheckIncludeFile.c normal x86_64 c com.apple.compilers.llvm.clang.1_0.compiler
    cd /Users/swinston/Mirada/lib/c/opencv/platforms/build_ios/build/iPhoneOS-armv7s/CMakeFiles/CMakeTmp
    export LANG=en_US.US-ASCII
    /Applications/Xcode.app/Contents/Developer/Toolchains/XcodeDefault.xctoolchain/usr/bin/clang -x c -arch x862014-07-28 15:41:17.134 xcodebuild[33125:30b]  DVTAssertions: Warning in /SourceCache/IDEXcode3ProjectSupport/IDEXcode3ProjectSupport-5069/Xcode3Core/LegacyProjects/Frameworks/DevToolsCore/DevToolsCore/SpecificationTypes/BuiltInSpecifications/Compilers/XCGccMakefileDependencies.m:76
Details:  Failed to load dependencies output contents from ``/Users/swinston/Mirada/lib/c/opencv/platforms/build_ios/build/iPhoneOS-armv7s/CMakeFiles/CMakeTmp/CMAKE_TRY_COMPILE.build/Release/cmTryCompileExec2857683933.build/Objects-normal/x86_64/CheckIncludeFile.d''. Error: Error Domain=NSCocoaErrorDomain Code=260 "The file “CheckIncludeFile.d” couldn’t be opened because there is no such file." UserInfo=0x7fc868d09a30 {NSFilePath=/Users/swinston/Mirada/lib/c/opencv/platforms/build_ios/build/iPhoneOS-armv7s/CMakeFiles/CMakeTmp/CMAKE_TRY_COMPILE.build/Release/cmTryCompileExec2857683933.build/Objects-normal/x86_64/CheckIncludeFile.d, NSUnderlyingError=0x7fc868d0d830 "The operation couldn’t be completed. No such file or direct_64 -fmessage-length=0 -fdiagnostics-show-note-include-stack -fmacro-backtrace-limit=0 -Wno-trigraphs -fpascal-strings -O3 -Wno-missing-field-initializers -Wno-missing-prototypes -Wno-return-type -Wno-missing-braces -Wparentheses -Wswitch -Wno-unused-function -Wno-unused-label -Wno-unused-parameter -Wno-unused-variable -Wunused-value -Wno-empty-body -Wno-uninitialized -Wno-unknown-pragmas -Wno-shadow -Wno-four-char-constants -Wno-conversion -Wno-constant-conversion -Wno-int-conversion -Wno-bool-conversion -Wno-enum-conversion -Wno-shorten-64-to-32 -Wpointer-sign -Wno-newline-eof -DCMAKE_INTDIR=\"Release\" -isysroot /Applications/Xcode.app/Contents/Developer/Platforms/MacOSX.platform/Developer/SDKs/MacOSX10.9.sdk -fasm-blocks -fstrict-aliasing -Wdeprecated-declarations -mmacosx-version-min=10.9 -Wno-sign-conversion -I/Users/swinston/Mirada/lib/c/opencv/platforms/build_ios/build/iPhoneOS-armv7s/CMakeFiles/CMakeTmp/Release/include -I/Applications/Xcode.app/Contents/Developer/Toolchains/XcodeDefault.xctoolchain/uory"}. User info: {
    NSFilePath = "/Users/swinston/Mirada/lib/c/opencv/platforms/build_ios/build/iPhoneOS-armv7s/CMakeFiles/CMakeTmp/CMAKE_TRY_COMPILE.build/Release/cmTryCompileExec2857683933.build/Objects-normal/x86_64/CheckIncludeFile.d";
    NSUnderlyingError = "Error Domain=NSPOSIXErrorDomain Code=2 \"The operation couldn\U2019t be completed. No such file or directory\"";
}.
Function: void XCGccMakefileDependenciesParsePathsFromRuleFile(NSString *__strong, void (^__strong)(NSString *__strong))
Thread:   <NSThread: 0x7fc868d090b0>{name = (null), num = 17}
Please file a bug at http://bugreport.apple.com with this warning message and any useful information you can provide.
sr/include -I/Users/swinston/Mirada/lib/c/opencv/platforms/build_ios/build/iPhoneOS-armv7s/CMakeFiles/CMakeTmp/CMAKE_TRY_COMPILE.build/Release/cmTryCompileExec2857683933.build/DerivedSources/x86_64 -I/Users/swinston/Mirada/lib/c/opencv/platforms/build_ios/build/iPhoneOS-armv7s/CMakeFiles/CMakeTmp/CMAKE_TRY_COMPILE.build/Release/cmTryCompileExec2857683933.build/DerivedSources -Wmost -Wno-four-char-constants -Wno-unknown-pragmas -F/Users/swinston/Mirada/lib/c/opencv/platforms/build_ios/build/iPhoneOS-armv7s/CMakeFiles/CMakeTmp/Release -Wno-implicit-function-declaration -fPIC -fsigned-char -W -Werror=return-type -Werror=non-virtual-dtor -Werror=address -Werror=sequence-point -Wformat -Werror=format-security -Wmissing-declarations -Wmissing-prototypes -Wstrict-prototypes -Wundef -Winit-self -Wpointer-arith -Wshadow -Wsign-promo -Wno-narrowing -Wno-delete-non-virtual-dtor -Wno-unnamed-type-template-args -fdiagnostics-show-option -fno-omit-frame-pointer -fvisibility=hidden -fvisibility-inlines-hidden -DNDEBUG -MMD -MT dependencies -MF /Users/swinston/Mirada/lib/c/opencv/platforms/build_ios/build/iPhoneOS-armv7s/CMakeFiles/CMakeTmp/CMAKE_TRY_COMPILE.build/Release/cmTryCompileExec2857683933.build/Objects-normal/x86_64/CheckIncludeFile.d --serialize-diagnostics /Users/swinston/Mirada/lib/c/opencv/platforms/build_ios/build/iPhoneOS-armv7s/CMakeFiles/CMakeTmp/CMAKE_TRY_COMPILE.build/Release/cmTryCompileExec2857683933.build/Objects-normal/x86_64/CheckIncludeFile.dia -c /Users/swinston/Mirada/lib/c/opencv/platforms/build_ios/build/iPhoneOS-armv7s/CMakeFiles/CMakeTmp/CheckIncludeFile.c -o /Users/swinston/Mirada/lib/c/opencv/platforms/build_ios/build/iPhoneOS-armv7s/CMakeFiles/CMakeTmp/CMAKE_TRY_COMPILE.build/Release/cmTryCompileExec2857683933.build/Objects-normal/x86_64/CheckIncludeFile.o
/Users/swinston/Mirada/lib/c/opencv/platforms/build_ios/build/iPhoneOS-armv7s/CMakeFiles/CMakeTmp/CheckIncludeFile.c:1:10: fatal error: 'sys/videoio.h' file not found
#include <sys/videoio.h>
         ^
1 error generated.

** BUILD FAILED **


The following build commands failed:
	CompileC CMAKE_TRY_COMPILE.build/Release/cmTryCompileExec2857683933.build/Objects-normal/x86_64/CheckIncludeFile.o CheckIncludeFile.c normal x86_64 c com.apple.compilers.llvm.clang.1_0.compiler
(1 failure)


